{"/Users/lancelin/03CS/program/game-mixer/backend/server.js": {"path":"/Users/lancelin/03CS/program/game-mixer/backend/server.js","statementMap":{"0":{"start":{"line":1,"column":16},"end":{"line":1,"column":34}},"1":{"start":{"line":2,"column":17},"end":{"line":2,"column":36}},"2":{"start":{"line":3,"column":13},"end":{"line":3,"column":28}},"3":{"start":{"line":4,"column":13},"end":{"line":4,"column":28}},"4":{"start":{"line":5,"column":0},"end":{"line":5,"column":27}},"5":{"start":{"line":7,"column":12},"end":{"line":7,"column":21}},"6":{"start":{"line":10,"column":0},"end":{"line":10,"column":51}},"7":{"start":{"line":13,"column":0},"end":{"line":16,"column":3}},"8":{"start":{"line":14,"column":2},"end":{"line":14,"column":27}},"9":{"start":{"line":15,"column":2},"end":{"line":15,"column":61}},"10":{"start":{"line":19,"column":18},"end":{"line":27,"column":1}},"11":{"start":{"line":20,"column":2},"end":{"line":26,"column":3}},"12":{"start":{"line":21,"column":4},"end":{"line":21,"column":66}},"13":{"start":{"line":22,"column":4},"end":{"line":22,"column":40}},"14":{"start":{"line":24,"column":4},"end":{"line":24,"column":52}},"15":{"start":{"line":25,"column":4},"end":{"line":25,"column":20}},"16":{"start":{"line":30,"column":0},"end":{"line":36,"column":1}},"17":{"start":{"line":31,"column":2},"end":{"line":31,"column":14}},"18":{"start":{"line":32,"column":15},"end":{"line":32,"column":39}},"19":{"start":{"line":33,"column":2},"end":{"line":35,"column":5}},"20":{"start":{"line":34,"column":4},"end":{"line":34,"column":50}},"21":{"start":{"line":38,"column":0},"end":{"line":38,"column":36}}},"fnMap":{"0":{"name":"(anonymous_0)","decl":{"start":{"line":13,"column":8},"end":{"line":13,"column":9}},"loc":{"start":{"line":13,"column":33},"end":{"line":16,"column":1}},"line":13},"1":{"name":"(anonymous_1)","decl":{"start":{"line":19,"column":18},"end":{"line":19,"column":19}},"loc":{"start":{"line":19,"column":30},"end":{"line":27,"column":1}},"line":19},"2":{"name":"(anonymous_2)","decl":{"start":{"line":33,"column":19},"end":{"line":33,"column":20}},"loc":{"start":{"line":33,"column":25},"end":{"line":35,"column":3}},"line":33}},"branchMap":{"0":{"loc":{"start":{"line":30,"column":0},"end":{"line":36,"column":1}},"type":"if","locations":[{"start":{"line":30,"column":0},"end":{"line":36,"column":1}},{"start":{},"end":{}}],"line":30},"1":{"loc":{"start":{"line":32,"column":15},"end":{"line":32,"column":39}},"type":"binary-expr","locations":[{"start":{"line":32,"column":15},"end":{"line":32,"column":31}},{"start":{"line":32,"column":35},"end":{"line":32,"column":39}}],"line":32}},"s":{"0":1,"1":1,"2":1,"3":1,"4":1,"5":1,"6":1,"7":1,"8":0,"9":0,"10":1,"11":0,"12":0,"13":0,"14":0,"15":0,"16":1,"17":0,"18":0,"19":0,"20":0,"21":1},"f":{"0":0,"1":0,"2":0},"b":{"0":[0,1],"1":[0,0]},"_coverageSchema":"1a1c01bbd47fc00a2c39e90264f33305004495a9","hash":"a3f7f8044278740c13f2129bed550f9c318e4dee"}
,"/Users/lancelin/03CS/program/game-mixer/backend/config/multer.js": {"path":"/Users/lancelin/03CS/program/game-mixer/backend/config/multer.js","statementMap":{"0":{"start":{"line":1,"column":15},"end":{"line":1,"column":32}},"1":{"start":{"line":2,"column":13},"end":{"line":2,"column":28}},"2":{"start":{"line":3,"column":11},"end":{"line":3,"column":24}},"3":{"start":{"line":6,"column":18},"end":{"line":6,"column":27}},"4":{"start":{"line":7,"column":0},"end":{"line":9,"column":1}},"5":{"start":{"line":8,"column":2},"end":{"line":8,"column":26}},"6":{"start":{"line":11,"column":16},"end":{"line":19,"column":2}},"7":{"start":{"line":13,"column":4},"end":{"line":13,"column":25}},"8":{"start":{"line":16,"column":25},"end":{"line":16,"column":75}},"9":{"start":{"line":17,"column":4},"end":{"line":17,"column":84}},"10":{"start":{"line":21,"column":19},"end":{"line":37,"column":1}},"11":{"start":{"line":22,"column":2},"end":{"line":36,"column":3}},"12":{"start":{"line":23,"column":4},"end":{"line":27,"column":5}},"13":{"start":{"line":24,"column":6},"end":{"line":24,"column":21}},"14":{"start":{"line":26,"column":6},"end":{"line":26,"column":51}},"15":{"start":{"line":28,"column":9},"end":{"line":36,"column":3}},"16":{"start":{"line":29,"column":4},"end":{"line":33,"column":5}},"17":{"start":{"line":30,"column":6},"end":{"line":30,"column":21}},"18":{"start":{"line":32,"column":6},"end":{"line":32,"column":51}},"19":{"start":{"line":35,"column":4},"end":{"line":35,"column":45}},"20":{"start":{"line":39,"column":15},"end":{"line":46,"column":2}},"21":{"start":{"line":48,"column":0},"end":{"line":48,"column":24}}},"fnMap":{"0":{"name":"(anonymous_0)","decl":{"start":{"line":12,"column":15},"end":{"line":12,"column":16}},"loc":{"start":{"line":12,"column":34},"end":{"line":14,"column":3}},"line":12},"1":{"name":"(anonymous_1)","decl":{"start":{"line":15,"column":12},"end":{"line":15,"column":13}},"loc":{"start":{"line":15,"column":31},"end":{"line":18,"column":3}},"line":15},"2":{"name":"(anonymous_2)","decl":{"start":{"line":21,"column":19},"end":{"line":21,"column":20}},"loc":{"start":{"line":21,"column":38},"end":{"line":37,"column":1}},"line":21}},"branchMap":{"0":{"loc":{"start":{"line":7,"column":0},"end":{"line":9,"column":1}},"type":"if","locations":[{"start":{"line":7,"column":0},"end":{"line":9,"column":1}},{"start":{},"end":{}}],"line":7},"1":{"loc":{"start":{"line":22,"column":2},"end":{"line":36,"column":3}},"type":"if","locations":[{"start":{"line":22,"column":2},"end":{"line":36,"column":3}},{"start":{"line":28,"column":9},"end":{"line":36,"column":3}}],"line":22},"2":{"loc":{"start":{"line":23,"column":4},"end":{"line":27,"column":5}},"type":"if","locations":[{"start":{"line":23,"column":4},"end":{"line":27,"column":5}},{"start":{"line":25,"column":11},"end":{"line":27,"column":5}}],"line":23},"3":{"loc":{"start":{"line":28,"column":9},"end":{"line":36,"column":3}},"type":"if","locations":[{"start":{"line":28,"column":9},"end":{"line":36,"column":3}},{"start":{"line":34,"column":9},"end":{"line":36,"column":3}}],"line":28},"4":{"loc":{"start":{"line":29,"column":4},"end":{"line":33,"column":5}},"type":"if","locations":[{"start":{"line":29,"column":4},"end":{"line":33,"column":5}},{"start":{"line":31,"column":11},"end":{"line":33,"column":5}}],"line":29}},"s":{"0":1,"1":1,"2":1,"3":1,"4":1,"5":0,"6":1,"7":4,"8":4,"9":4,"10":1,"11":4,"12":2,"13":2,"14":0,"15":2,"16":2,"17":2,"18":0,"19":0,"20":1,"21":1},"f":{"0":4,"1":4,"2":4},"b":{"0":[0,1],"1":[2,2],"2":[2,0],"3":[2,0],"4":[2,0]},"_coverageSchema":"1a1c01bbd47fc00a2c39e90264f33305004495a9","hash":"272aad425e6e0951c90d5c0e1d1e41d2142e7ad5"}
,"/Users/lancelin/03CS/program/game-mixer/backend/controllers/eventController.js": {"path":"/Users/lancelin/03CS/program/game-mixer/backend/controllers/eventController.js","statementMap":{"0":{"start":{"line":1,"column":14},"end":{"line":1,"column":40}},"1":{"start":{"line":2,"column":11},"end":{"line":2,"column":33}},"2":{"start":{"line":3,"column":13},"end":{"line":3,"column":28}},"3":{"start":{"line":6,"column":19},"end":{"line":14,"column":1}},"4":{"start":{"line":7,"column":2},"end":{"line":7,"column":24}},"5":{"start":{"line":7,"column":17},"end":{"line":7,"column":24}},"6":{"start":{"line":8,"column":19},"end":{"line":8,"column":49}},"7":{"start":{"line":9,"column":2},"end":{"line":13,"column":3}},"8":{"start":{"line":10,"column":4},"end":{"line":10,"column":30}},"9":{"start":{"line":12,"column":4},"end":{"line":12,"column":49}},"10":{"start":{"line":16,"column":0},"end":{"line":60,"column":2}},"11":{"start":{"line":17,"column":2},"end":{"line":59,"column":3}},"12":{"start":{"line":18,"column":22},"end":{"line":18,"column":47}},"13":{"start":{"line":21,"column":4},"end":{"line":35,"column":5}},"14":{"start":{"line":22,"column":6},"end":{"line":27,"column":7}},"15":{"start":{"line":23,"column":8},"end":{"line":26,"column":10}},"16":{"start":{"line":29,"column":6},"end":{"line":34,"column":7}},"17":{"start":{"line":30,"column":8},"end":{"line":33,"column":12}},"18":{"start":{"line":30,"column":57},"end":{"line":33,"column":9}},"19":{"start":{"line":37,"column":18},"end":{"line":37,"column":38}},"20":{"start":{"line":38,"column":4},"end":{"line":38,"column":23}},"21":{"start":{"line":40,"column":4},"end":{"line":43,"column":7}},"22":{"start":{"line":46,"column":4},"end":{"line":53,"column":5}},"23":{"start":{"line":47,"column":6},"end":{"line":49,"column":7}},"24":{"start":{"line":48,"column":8},"end":{"line":48,"column":54}},"25":{"start":{"line":50,"column":6},"end":{"line":52,"column":7}},"26":{"start":{"line":51,"column":8},"end":{"line":51,"column":83}},"27":{"start":{"line":51,"column":55},"end":{"line":51,"column":80}},"28":{"start":{"line":55,"column":4},"end":{"line":58,"column":7}},"29":{"start":{"line":62,"column":0},"end":{"line":83,"column":2}},"30":{"start":{"line":63,"column":2},"end":{"line":82,"column":3}},"31":{"start":{"line":64,"column":21},"end":{"line":64,"column":30}},"32":{"start":{"line":65,"column":16},"end":{"line":65,"column":18}},"33":{"start":{"line":67,"column":4},"end":{"line":69,"column":5}},"34":{"start":{"line":68,"column":6},"end":{"line":68,"column":45}},"35":{"start":{"line":71,"column":19},"end":{"line":71,"column":66}},"36":{"start":{"line":73,"column":4},"end":{"line":76,"column":7}},"37":{"start":{"line":78,"column":4},"end":{"line":81,"column":7}},"38":{"start":{"line":85,"column":0},"end":{"line":105,"column":2}},"39":{"start":{"line":86,"column":2},"end":{"line":104,"column":3}},"40":{"start":{"line":87,"column":18},"end":{"line":87,"column":53}},"41":{"start":{"line":88,"column":4},"end":{"line":93,"column":5}},"42":{"start":{"line":89,"column":6},"end":{"line":92,"column":9}},"43":{"start":{"line":95,"column":4},"end":{"line":98,"column":7}},"44":{"start":{"line":100,"column":4},"end":{"line":103,"column":7}},"45":{"start":{"line":107,"column":0},"end":{"line":170,"column":2}},"46":{"start":{"line":108,"column":2},"end":{"line":169,"column":3}},"47":{"start":{"line":109,"column":18},"end":{"line":109,"column":53}},"48":{"start":{"line":110,"column":4},"end":{"line":115,"column":5}},"49":{"start":{"line":111,"column":6},"end":{"line":114,"column":9}},"50":{"start":{"line":117,"column":22},"end":{"line":117,"column":47}},"51":{"start":{"line":120,"column":4},"end":{"line":142,"column":5}},"52":{"start":{"line":121,"column":6},"end":{"line":130,"column":7}},"53":{"start":{"line":123,"column":8},"end":{"line":125,"column":9}},"54":{"start":{"line":124,"column":10},"end":{"line":124,"column":49}},"55":{"start":{"line":126,"column":8},"end":{"line":129,"column":10}},"56":{"start":{"line":132,"column":6},"end":{"line":141,"column":7}},"57":{"start":{"line":134,"column":8},"end":{"line":136,"column":9}},"58":{"start":{"line":135,"column":10},"end":{"line":135,"column":79}},"59":{"start":{"line":135,"column":52},"end":{"line":135,"column":76}},"60":{"start":{"line":137,"column":8},"end":{"line":140,"column":12}},"61":{"start":{"line":137,"column":57},"end":{"line":140,"column":9}},"62":{"start":{"line":144,"column":25},"end":{"line":148,"column":5}},"63":{"start":{"line":150,"column":4},"end":{"line":153,"column":7}},"64":{"start":{"line":156,"column":4},"end":{"line":163,"column":5}},"65":{"start":{"line":157,"column":6},"end":{"line":159,"column":7}},"66":{"start":{"line":158,"column":8},"end":{"line":158,"column":54}},"67":{"start":{"line":160,"column":6},"end":{"line":162,"column":7}},"68":{"start":{"line":161,"column":8},"end":{"line":161,"column":83}},"69":{"start":{"line":161,"column":55},"end":{"line":161,"column":80}},"70":{"start":{"line":165,"column":4},"end":{"line":168,"column":7}},"71":{"start":{"line":172,"column":0},"end":{"line":203,"column":2}},"72":{"start":{"line":173,"column":2},"end":{"line":202,"column":3}},"73":{"start":{"line":174,"column":18},"end":{"line":174,"column":53}},"74":{"start":{"line":175,"column":4},"end":{"line":180,"column":5}},"75":{"start":{"line":176,"column":6},"end":{"line":179,"column":9}},"76":{"start":{"line":183,"column":4},"end":{"line":185,"column":5}},"77":{"start":{"line":184,"column":6},"end":{"line":184,"column":45}},"78":{"start":{"line":187,"column":4},"end":{"line":189,"column":5}},"79":{"start":{"line":188,"column":6},"end":{"line":188,"column":75}},"80":{"start":{"line":188,"column":48},"end":{"line":188,"column":72}},"81":{"start":{"line":191,"column":4},"end":{"line":191,"column":28}},"82":{"start":{"line":193,"column":4},"end":{"line":196,"column":7}},"83":{"start":{"line":198,"column":4},"end":{"line":201,"column":7}}},"fnMap":{"0":{"name":"(anonymous_0)","decl":{"start":{"line":6,"column":19},"end":{"line":6,"column":20}},"loc":{"start":{"line":6,"column":39},"end":{"line":14,"column":1}},"line":6},"1":{"name":"(anonymous_1)","decl":{"start":{"line":16,"column":22},"end":{"line":16,"column":23}},"loc":{"start":{"line":16,"column":42},"end":{"line":60,"column":1}},"line":16},"2":{"name":"(anonymous_2)","decl":{"start":{"line":30,"column":48},"end":{"line":30,"column":49}},"loc":{"start":{"line":30,"column":57},"end":{"line":33,"column":9}},"line":30},"3":{"name":"(anonymous_3)","decl":{"start":{"line":51,"column":47},"end":{"line":51,"column":48}},"loc":{"start":{"line":51,"column":55},"end":{"line":51,"column":80}},"line":51},"4":{"name":"(anonymous_4)","decl":{"start":{"line":62,"column":20},"end":{"line":62,"column":21}},"loc":{"start":{"line":62,"column":40},"end":{"line":83,"column":1}},"line":62},"5":{"name":"(anonymous_5)","decl":{"start":{"line":85,"column":19},"end":{"line":85,"column":20}},"loc":{"start":{"line":85,"column":39},"end":{"line":105,"column":1}},"line":85},"6":{"name":"(anonymous_6)","decl":{"start":{"line":107,"column":22},"end":{"line":107,"column":23}},"loc":{"start":{"line":107,"column":42},"end":{"line":170,"column":1}},"line":107},"7":{"name":"(anonymous_7)","decl":{"start":{"line":135,"column":45},"end":{"line":135,"column":46}},"loc":{"start":{"line":135,"column":52},"end":{"line":135,"column":76}},"line":135},"8":{"name":"(anonymous_8)","decl":{"start":{"line":137,"column":48},"end":{"line":137,"column":49}},"loc":{"start":{"line":137,"column":57},"end":{"line":140,"column":9}},"line":137},"9":{"name":"(anonymous_9)","decl":{"start":{"line":161,"column":47},"end":{"line":161,"column":48}},"loc":{"start":{"line":161,"column":55},"end":{"line":161,"column":80}},"line":161},"10":{"name":"(anonymous_10)","decl":{"start":{"line":172,"column":22},"end":{"line":172,"column":23}},"loc":{"start":{"line":172,"column":42},"end":{"line":203,"column":1}},"line":172},"11":{"name":"(anonymous_11)","decl":{"start":{"line":188,"column":41},"end":{"line":188,"column":42}},"loc":{"start":{"line":188,"column":48},"end":{"line":188,"column":72}},"line":188}},"branchMap":{"0":{"loc":{"start":{"line":7,"column":2},"end":{"line":7,"column":24}},"type":"if","locations":[{"start":{"line":7,"column":2},"end":{"line":7,"column":24}},{"start":{},"end":{}}],"line":7},"1":{"loc":{"start":{"line":21,"column":4},"end":{"line":35,"column":5}},"type":"if","locations":[{"start":{"line":21,"column":4},"end":{"line":35,"column":5}},{"start":{},"end":{}}],"line":21},"2":{"loc":{"start":{"line":22,"column":6},"end":{"line":27,"column":7}},"type":"if","locations":[{"start":{"line":22,"column":6},"end":{"line":27,"column":7}},{"start":{},"end":{}}],"line":22},"3":{"loc":{"start":{"line":29,"column":6},"end":{"line":34,"column":7}},"type":"if","locations":[{"start":{"line":29,"column":6},"end":{"line":34,"column":7}},{"start":{},"end":{}}],"line":29},"4":{"loc":{"start":{"line":46,"column":4},"end":{"line":53,"column":5}},"type":"if","locations":[{"start":{"line":46,"column":4},"end":{"line":53,"column":5}},{"start":{},"end":{}}],"line":46},"5":{"loc":{"start":{"line":47,"column":6},"end":{"line":49,"column":7}},"type":"if","locations":[{"start":{"line":47,"column":6},"end":{"line":49,"column":7}},{"start":{},"end":{}}],"line":47},"6":{"loc":{"start":{"line":50,"column":6},"end":{"line":52,"column":7}},"type":"if","locations":[{"start":{"line":50,"column":6},"end":{"line":52,"column":7}},{"start":{},"end":{}}],"line":50},"7":{"loc":{"start":{"line":67,"column":4},"end":{"line":69,"column":5}},"type":"if","locations":[{"start":{"line":67,"column":4},"end":{"line":69,"column":5}},{"start":{},"end":{}}],"line":67},"8":{"loc":{"start":{"line":88,"column":4},"end":{"line":93,"column":5}},"type":"if","locations":[{"start":{"line":88,"column":4},"end":{"line":93,"column":5}},{"start":{},"end":{}}],"line":88},"9":{"loc":{"start":{"line":110,"column":4},"end":{"line":115,"column":5}},"type":"if","locations":[{"start":{"line":110,"column":4},"end":{"line":115,"column":5}},{"start":{},"end":{}}],"line":110},"10":{"loc":{"start":{"line":120,"column":4},"end":{"line":142,"column":5}},"type":"if","locations":[{"start":{"line":120,"column":4},"end":{"line":142,"column":5}},{"start":{},"end":{}}],"line":120},"11":{"loc":{"start":{"line":121,"column":6},"end":{"line":130,"column":7}},"type":"if","locations":[{"start":{"line":121,"column":6},"end":{"line":130,"column":7}},{"start":{},"end":{}}],"line":121},"12":{"loc":{"start":{"line":123,"column":8},"end":{"line":125,"column":9}},"type":"if","locations":[{"start":{"line":123,"column":8},"end":{"line":125,"column":9}},{"start":{},"end":{}}],"line":123},"13":{"loc":{"start":{"line":123,"column":12},"end":{"line":123,"column":47}},"type":"binary-expr","locations":[{"start":{"line":123,"column":12},"end":{"line":123,"column":23}},{"start":{"line":123,"column":27},"end":{"line":123,"column":47}}],"line":123},"14":{"loc":{"start":{"line":132,"column":6},"end":{"line":141,"column":7}},"type":"if","locations":[{"start":{"line":132,"column":6},"end":{"line":141,"column":7}},{"start":{},"end":{}}],"line":132},"15":{"loc":{"start":{"line":134,"column":8},"end":{"line":136,"column":9}},"type":"if","locations":[{"start":{"line":134,"column":8},"end":{"line":136,"column":9}},{"start":{},"end":{}}],"line":134},"16":{"loc":{"start":{"line":134,"column":12},"end":{"line":134,"column":51}},"type":"binary-expr","locations":[{"start":{"line":134,"column":12},"end":{"line":134,"column":24}},{"start":{"line":134,"column":28},"end":{"line":134,"column":51}}],"line":134},"17":{"loc":{"start":{"line":156,"column":4},"end":{"line":163,"column":5}},"type":"if","locations":[{"start":{"line":156,"column":4},"end":{"line":163,"column":5}},{"start":{},"end":{}}],"line":156},"18":{"loc":{"start":{"line":157,"column":6},"end":{"line":159,"column":7}},"type":"if","locations":[{"start":{"line":157,"column":6},"end":{"line":159,"column":7}},{"start":{},"end":{}}],"line":157},"19":{"loc":{"start":{"line":160,"column":6},"end":{"line":162,"column":7}},"type":"if","locations":[{"start":{"line":160,"column":6},"end":{"line":162,"column":7}},{"start":{},"end":{}}],"line":160},"20":{"loc":{"start":{"line":175,"column":4},"end":{"line":180,"column":5}},"type":"if","locations":[{"start":{"line":175,"column":4},"end":{"line":180,"column":5}},{"start":{},"end":{}}],"line":175},"21":{"loc":{"start":{"line":183,"column":4},"end":{"line":185,"column":5}},"type":"if","locations":[{"start":{"line":183,"column":4},"end":{"line":185,"column":5}},{"start":{},"end":{}}],"line":183},"22":{"loc":{"start":{"line":183,"column":8},"end":{"line":183,"column":43}},"type":"binary-expr","locations":[{"start":{"line":183,"column":8},"end":{"line":183,"column":19}},{"start":{"line":183,"column":23},"end":{"line":183,"column":43}}],"line":183},"23":{"loc":{"start":{"line":187,"column":4},"end":{"line":189,"column":5}},"type":"if","locations":[{"start":{"line":187,"column":4},"end":{"line":189,"column":5}},{"start":{},"end":{}}],"line":187},"24":{"loc":{"start":{"line":187,"column":8},"end":{"line":187,"column":47}},"type":"binary-expr","locations":[{"start":{"line":187,"column":8},"end":{"line":187,"column":20}},{"start":{"line":187,"column":24},"end":{"line":187,"column":47}}],"line":187}},"s":{"0":1,"1":1,"2":1,"3":1,"4":0,"5":0,"6":0,"7":0,"8":0,"9":0,"10":1,"11":2,"12":2,"13":2,"14":2,"15":1,"16":2,"17":1,"18":1,"19":2,"20":2,"21":1,"22":1,"23":1,"24":0,"25":1,"26":0,"27":0,"28":1,"29":1,"30":2,"31":2,"32":2,"33":2,"34":1,"35":2,"36":2,"37":0,"38":1,"39":2,"40":2,"41":2,"42":1,"43":1,"44":0,"45":1,"46":1,"47":1,"48":1,"49":0,"50":1,"51":1,"52":1,"53":1,"54":0,"55":1,"56":1,"57":1,"58":0,"59":0,"60":1,"61":1,"62":1,"63":1,"64":0,"65":0,"66":0,"67":0,"68":0,"69":0,"70":0,"71":1,"72":1,"73":1,"74":1,"75":0,"76":1,"77":0,"78":1,"79":0,"80":0,"81":1,"82":1,"83":0},"f":{"0":0,"1":2,"2":1,"3":0,"4":2,"5":2,"6":1,"7":0,"8":1,"9":0,"10":1,"11":0},"b":{"0":[0,0],"1":[2,0],"2":[1,1],"3":[1,1],"4":[1,0],"5":[0,1],"6":[0,1],"7":[1,1],"8":[1,1],"9":[0,1],"10":[1,0],"11":[1,0],"12":[0,1],"13":[1,1],"14":[1,0],"15":[0,1],"16":[1,1],"17":[0,0],"18":[0,0],"19":[0,0],"20":[0,1],"21":[0,1],"22":[1,1],"23":[0,1],"24":[1,1]},"_coverageSchema":"1a1c01bbd47fc00a2c39e90264f33305004495a9","hash":"ce3ea33511da692ea04bb142ddd7727fb1174222"}
,"/Users/lancelin/03CS/program/game-mixer/backend/models/Event.js": {"path":"/Users/lancelin/03CS/program/game-mixer/backend/models/Event.js","statementMap":{"0":{"start":{"line":1,"column":17},"end":{"line":1,"column":36}},"1":{"start":{"line":3,"column":19},"end":{"line":19,"column":2}},"2":{"start":{"line":21,"column":20},"end":{"line":63,"column":2}},"3":{"start":{"line":65,"column":0},"end":{"line":65,"column":82}},"4":{"start":{"line":67,"column":0},"end":{"line":67,"column":54}}},"fnMap":{},"branchMap":{},"s":{"0":1,"1":1,"2":1,"3":1,"4":1},"f":{},"b":{},"_coverageSchema":"1a1c01bbd47fc00a2c39e90264f33305004495a9","hash":"56120ee970e606ea861b305c7714b0ad23542a15"}
,"/Users/lancelin/03CS/program/game-mixer/backend/routes/events.js": {"path":"/Users/lancelin/03CS/program/game-mixer/backend/routes/events.js","statementMap":{"0":{"start":{"line":1,"column":16},"end":{"line":1,"column":34}},"1":{"start":{"line":2,"column":15},"end":{"line":2,"column":31}},"2":{"start":{"line":3,"column":24},"end":{"line":3,"column":65}},"3":{"start":{"line":4,"column":15},"end":{"line":4,"column":42}},"4":{"start":{"line":6,"column":21},"end":{"line":9,"column":2}},"5":{"start":{"line":11,"column":0},"end":{"line":11,"column":60}},"6":{"start":{"line":12,"column":0},"end":{"line":12,"column":43}},"7":{"start":{"line":13,"column":0},"end":{"line":13,"column":45}},"8":{"start":{"line":14,"column":0},"end":{"line":14,"column":62}},"9":{"start":{"line":15,"column":0},"end":{"line":15,"column":51}},"10":{"start":{"line":17,"column":0},"end":{"line":17,"column":24}}},"fnMap":{},"branchMap":{},"s":{"0":1,"1":1,"2":1,"3":1,"4":1,"5":1,"6":1,"7":1,"8":1,"9":1,"10":1},"f":{},"b":{},"_coverageSchema":"1a1c01bbd47fc00a2c39e90264f33305004495a9","hash":"24f5864ada25e28556bcd948000b7db4f5c877d9"}
}
