TN:
SF:server.js
FN:13,(anonymous_0)
FN:19,(anonymous_1)
FN:33,(anonymous_2)
FNF:3
FNH:0
FNDA:0,(anonymous_0)
FNDA:0,(anonymous_1)
FNDA:0,(anonymous_2)
DA:1,1
DA:2,1
DA:3,1
DA:4,1
DA:5,1
DA:7,1
DA:10,1
DA:13,1
DA:14,0
DA:15,0
DA:19,1
DA:20,0
DA:21,0
DA:22,0
DA:24,0
DA:25,0
DA:30,1
DA:31,0
DA:32,0
DA:33,0
DA:34,0
DA:38,1
LF:22
LH:11
BRDA:30,0,0,0
BRDA:30,0,1,1
BRDA:32,1,0,0
BRDA:32,1,1,0
BRF:4
BRH:1
end_of_record
TN:
SF:config/multer.js
FN:12,(anonymous_0)
FN:15,(anonymous_1)
FN:21,(anonymous_2)
FNF:3
FNH:3
FNDA:4,(anonymous_0)
FNDA:4,(anonymous_1)
FNDA:4,(anonymous_2)
DA:1,1
DA:2,1
DA:3,1
DA:6,1
DA:7,1
DA:8,0
DA:11,1
DA:13,4
DA:16,4
DA:17,4
DA:21,1
DA:22,4
DA:23,2
DA:24,2
DA:26,0
DA:28,2
DA:29,2
DA:30,2
DA:32,0
DA:35,0
DA:39,1
DA:48,1
LF:22
LH:18
BRDA:7,0,0,0
BRDA:7,0,1,1
BRDA:22,1,0,2
BRDA:22,1,1,2
BRDA:23,2,0,2
BRDA:23,2,1,0
BRDA:28,3,0,2
BRDA:28,3,1,0
BRDA:29,4,0,2
BRDA:29,4,1,0
BRF:10
BRH:6
end_of_record
TN:
SF:controllers/eventController.js
FN:6,(anonymous_0)
FN:16,(anonymous_1)
FN:30,(anonymous_2)
FN:51,(anonymous_3)
FN:62,(anonymous_4)
FN:85,(anonymous_5)
FN:107,(anonymous_6)
FN:135,(anonymous_7)
FN:137,(anonymous_8)
FN:161,(anonymous_9)
FN:172,(anonymous_10)
FN:188,(anonymous_11)
FNF:12
FNH:7
FNDA:0,(anonymous_0)
FNDA:2,(anonymous_1)
FNDA:1,(anonymous_2)
FNDA:0,(anonymous_3)
FNDA:2,(anonymous_4)
FNDA:2,(anonymous_5)
FNDA:1,(anonymous_6)
FNDA:0,(anonymous_7)
FNDA:1,(anonymous_8)
FNDA:0,(anonymous_9)
FNDA:1,(anonymous_10)
FNDA:0,(anonymous_11)
DA:1,1
DA:2,1
DA:3,1
DA:6,1
DA:7,0
DA:8,0
DA:9,0
DA:10,0
DA:12,0
DA:16,1
DA:17,2
DA:18,2
DA:21,2
DA:22,2
DA:23,1
DA:29,2
DA:30,1
DA:37,2
DA:38,2
DA:40,1
DA:46,1
DA:47,1
DA:48,0
DA:50,1
DA:51,0
DA:55,1
DA:62,1
DA:63,2
DA:64,2
DA:65,2
DA:67,2
DA:68,1
DA:71,2
DA:73,2
DA:78,0
DA:85,1
DA:86,2
DA:87,2
DA:88,2
DA:89,1
DA:95,1
DA:100,0
DA:107,1
DA:108,1
DA:109,1
DA:110,1
DA:111,0
DA:117,1
DA:120,1
DA:121,1
DA:123,1
DA:124,0
DA:126,1
DA:132,1
DA:134,1
DA:135,0
DA:137,1
DA:144,1
DA:150,1
DA:156,0
DA:157,0
DA:158,0
DA:160,0
DA:161,0
DA:165,0
DA:172,1
DA:173,1
DA:174,1
DA:175,1
DA:176,0
DA:183,1
DA:184,0
DA:187,1
DA:188,0
DA:191,1
DA:193,1
DA:198,0
LF:77
LH:55
BRDA:7,0,0,0
BRDA:7,0,1,0
BRDA:21,1,0,2
BRDA:21,1,1,0
BRDA:22,2,0,1
BRDA:22,2,1,1
BRDA:29,3,0,1
BRDA:29,3,1,1
BRDA:46,4,0,1
BRDA:46,4,1,0
BRDA:47,5,0,0
BRDA:47,5,1,1
BRDA:50,6,0,0
BRDA:50,6,1,1
BRDA:67,7,0,1
BRDA:67,7,1,1
BRDA:88,8,0,1
BRDA:88,8,1,1
BRDA:110,9,0,0
BRDA:110,9,1,1
BRDA:120,10,0,1
BRDA:120,10,1,0
BRDA:121,11,0,1
BRDA:121,11,1,0
BRDA:123,12,0,0
BRDA:123,12,1,1
BRDA:123,13,0,1
BRDA:123,13,1,1
BRDA:132,14,0,1
BRDA:132,14,1,0
BRDA:134,15,0,0
BRDA:134,15,1,1
BRDA:134,16,0,1
BRDA:134,16,1,1
BRDA:156,17,0,0
BRDA:156,17,1,0
BRDA:157,18,0,0
BRDA:157,18,1,0
BRDA:160,19,0,0
BRDA:160,19,1,0
BRDA:175,20,0,0
BRDA:175,20,1,1
BRDA:183,21,0,0
BRDA:183,21,1,1
BRDA:183,22,0,1
BRDA:183,22,1,1
BRDA:187,23,0,0
BRDA:187,23,1,1
BRDA:187,24,0,1
BRDA:187,24,1,1
BRF:50
BRH:29
end_of_record
TN:
SF:models/Event.js
FNF:0
FNH:0
DA:1,1
DA:3,1
DA:21,1
DA:65,1
DA:67,1
LF:5
LH:5
BRF:0
BRH:0
end_of_record
TN:
SF:routes/events.js
FNF:0
FNH:0
DA:1,1
DA:2,1
DA:3,1
DA:4,1
DA:6,1
DA:11,1
DA:12,1
DA:13,1
DA:14,1
DA:15,1
DA:17,1
LF:11
LH:11
BRF:0
BRH:0
end_of_record
